[debug] ----------------------------------------------------------------------
[debug] Command:      /usr/local/bin/node /usr/local/bin/firebase deploy
[debug] CLI Version:  3.5.0
[debug] Platform:     darwin
[debug] Node Version: v7.7.1
[debug] Time:         Fri Mar 24 2017 19:48:47 GMT-0400 (EDT)
[debug] ----------------------------------------------------------------------
[debug] 
[debug] > command requires scopes: ["email","openid","https://www.googleapis.com/auth/cloudplatformprojects.readonly","https://www.googleapis.com/auth/firebase","https://www.googleapis.com/auth/cloud-platform"]
[debug] > refreshing access token with scopes: ["email","https://www.googleapis.com/auth/cloud-platform","https://www.googleapis.com/auth/cloudplatformprojects.readonly","https://www.googleapis.com/auth/firebase","openid"]
[debug] >>> HTTP REQUEST POST https://www.googleapis.com/oauth2/v3/token { refresh_token: '1/7z5liPx9i60_xdRUdSGShwb0yYU9-y5nxIbTAw2IO94',
  client_id: '563584335869-fgrhgmd47bqnekij5i8b5pr03ho849e6.apps.googleusercontent.com',
  client_secret: 'j9iVZfS8kkCEFUPaAeJV0sAi',
  grant_type: 'refresh_token',
  scope: 'email https://www.googleapis.com/auth/cloud-platform https://www.googleapis.com/auth/cloudplatformprojects.readonly https://www.googleapis.com/auth/firebase openid' } 
 Fri Mar 24 2017 19:48:47 GMT-0400 (EDT)
[debug] <<< HTTP RESPONSE 200
[debug] >>> HTTP REQUEST GET https://admin.firebase.com/v1/projects/zombie-apocalypse-23380  
 Fri Mar 24 2017 19:48:47 GMT-0400 (EDT)
[debug] <<< HTTP RESPONSE 200
[debug] >>> HTTP REQUEST GET https://admin.firebase.com/v1/database/zombie-apocalypse-23380/tokens  
 Fri Mar 24 2017 19:48:48 GMT-0400 (EDT)
[debug] <<< HTTP RESPONSE 200
[info] 
[info] === Deploying to 'zombie-apocalypse-23380'...
[info] 
[info] i  deploying database, functions, hosting
[info] ✔  database: rules ready to deploy.
[debug] > [functions] package.json contents: {
  "name": "functions",
  "description": "Cloud Functions for Firebase",
  "dependencies": {
    "firebase-admin": "^4.1.2",
    "firebase-functions": "^0.5"
  },
  "private": true
}
[info] i  functions: ensuring necessary APIs are enabled...
[info] i  runtimeconfig: ensuring necessary APIs are enabled...
[debug] >>> HTTP REQUEST GET https://servicemanagement.googleapis.com/v1/services/cloudfunctions.googleapis.com/projectSettings/zombie-apocalypse-23380?view=CONSUMER_VIEW  
 Fri Mar 24 2017 19:48:50 GMT-0400 (EDT)
[debug] >>> HTTP REQUEST GET https://servicemanagement.googleapis.com/v1/services/runtimeconfig.googleapis.com/projectSettings/zombie-apocalypse-23380?view=CONSUMER_VIEW  
 Fri Mar 24 2017 19:48:50 GMT-0400 (EDT)
[debug] <<< HTTP RESPONSE 200
[info] ✔  functions: all necessary APIs are enabled
[debug] <<< HTTP RESPONSE 200
[info] ✔  runtimeconfig: all necessary APIs are enabled
[debug] >>> HTTP REQUEST GET https://appengine.googleapis.com/v1/apps/zombie-apocalypse-23380  
 Fri Mar 24 2017 19:48:51 GMT-0400 (EDT)
[debug] >>> HTTP REQUEST GET https://apikeys.googleapis.com/v1/projects/zombie-apocalypse-23380/apiKeys  
 Fri Mar 24 2017 19:48:51 GMT-0400 (EDT)
[debug] <<< HTTP RESPONSE 200
[debug] <<< HTTP RESPONSE 200
[info] i  functions: preparing functions directory for uploading...
[debug] >>> HTTP REQUEST GET https://runtimeconfig.googleapis.com/v1beta1/projects/zombie-apocalypse-23380/configs  
 Fri Mar 24 2017 19:48:53 GMT-0400 (EDT)
[debug] <<< HTTP RESPONSE 200
[debug] > [functions] runtime config materialized as: {
  "firebase": {
    "databaseURL": "https://zombie-apocalypse-23380.firebaseio.com",
    "storageBucket": "zombie-apocalypse-23380.appspot.com",
    "apiKey": "AIzaSyAC-shSaaMlcDnkUux_Meg7ht5TX0E4oWE",
    "authDomain": "zombie-apocalypse-23380.firebaseapp.com"
  }
}
[debug] > [functions] parsed triggers: []
[info] i  hosting: preparing . directory for upload...
[debug] >>> HTTP REQUEST PUT https://deploy.firebase.com/v1/hosting/zombie-apocalypse-23380/uploads/-Kg1gkllf17kdRFo86Lm?fileCount=19317&message=  
 Fri Mar 24 2017 19:49:35 GMT-0400 (EDT)
